Content-Type: text/plain; charset="utf-8"
MIME-Version: 1.0
Content-Transfer-Encoding: 7bit
Subject: Password reset on 127.0.0.1:8000
From: webmaster@localhost
To: lanre7912@gmail.com
Date: Sat, 07 Dec 2019 15:27:42 -0000
Message-ID: <157573246268.4280.9846760930886037792@DESKTOP-TMR5P4V>



<!DOCTYPE html>
<html lang="en">
  <head>
    
    <title>
      

      
    </title>
    <link rel="icon" type="image/png" sizes="32x30" href="/static/backend/images/favicon.png">
    <link href="/static/backend/css/admin.css" rel="stylesheet">
    <style type="text/css">

      .asteriskField{
        display: none;
      }
      form .alert ul li{
        list-style: none;
      }
      form .alert ul{
        padding: 0;
        margin: 0;
      }
      #hint_id_password1 ul li{
        list-style: none;
      }
      
    </style>
    <!-- HTML5 shim and Respond.js for IE8 support of HTML5 elements and media queries -->
    <!-- WARNING: Respond.js doesn't work if you view the page via file:// -->
    <!--[if lt IE 9]>
      <script src="https://oss.maxcdn.com/html5shiv/3.7.3/html5shiv.min.js"></script>
      <script src="https://oss.maxcdn.com/respond/1.4.2/respond.min.js"></script>
    <![endif]-->
  </head>
  
  <body id="admin">
    
    
    Someone asked for password reset for email lanre7912@gmail.com. Follow the link below:
    http://127.0.0.1:8000/backend/reset/Mw/5c2-5e2959922487cc763a34/
    



   




    
    <script src="/static/backend/js/jquery.js"></script>
    <script src="/static/backend/js/bootstrap.min.js"></script>
  </body>
</html>
-------------------------------------------------------------------------------
